<?xml version="1.0" encoding="UTF-8"?>
<!-- Generated by org.testng.reporters.JUnitReportReporter -->
<testsuite hostname="shakthi" failures="0" tests="2" name="testPract.ParallelCode" time="9.392" errors="0" timestamp="2023-04-26T10:40:34 IST" skipped="0">
  <testcase classname="testPract.ParallelCode" name="openBing" time="4.359"/>
  <system-out/>
  <testcase classname="testPract.ParallelCode" name="openGoogle" time="5.033"/>
  <system-out/>
</testsuite> <!-- testPract.ParallelCode -->
