<?xml version="1.0" encoding="UTF-8"?>
<!-- Generated by org.testng.reporters.JUnitReportReporter -->
<testsuite hostname="shakthi" failures="0" tests="1" name="testPract.AssertionPrac" time="0.008" errors="0" timestamp="2023-04-26T13:18:01 IST" skipped="0">
  <testcase classname="testPract.AssertionPrac" name="checkEqual" time="0.008"/>
  <system-out/>
</testsuite> <!-- testPract.AssertionPrac -->
