<?xml version="1.0" encoding="UTF-8"?>
<!-- Generated by org.testng.reporters.JUnitReportReporter -->
<testsuite hostname="shakthi" failures="0" tests="1" name="testPract.DriveCar" time="0.010" errors="0" timestamp="2023-04-26T23:22:36 IST" skipped="0">
  <testcase classname="testPract.DriveCar" name="first" time="0.010"/>
  <system-out/>
</testsuite> <!-- testPract.DriveCar -->
