<?xml version="1.0" encoding="UTF-8"?>
<!-- Generated by org.testng.reporters.JUnitReportReporter -->
<testsuite hostname="shakthi" failures="0" tests="3" name="codeChallange.DragDropChallange" time="12.801" errors="0" timestamp="2023-05-04T02:01:00 IST" skipped="0">
  <testcase classname="codeChallange.DragDropChallange" name="allMatchCase" time="4.244"/>
  <system-out/>
  <testcase classname="codeChallange.DragDropChallange" name="noneMatchCase" time="4.391"/>
  <system-out/>
  <testcase classname="codeChallange.DragDropChallange" name="partialMatchCase" time="4.166"/>
  <system-out/>
</testsuite> <!-- codeChallange.DragDropChallange -->
