<?xml version="1.0" encoding="UTF-8"?>
<!-- Generated by org.testng.reporters.JUnitReportReporter -->
<testsuite hostname="shakthi" failures="0" tests="1" name="dataDrivenProject.ParameterInValidDetails" time="18.516" errors="0" timestamp="2023-04-27T15:51:06 IST" skipped="0">
  <testcase classname="dataDrivenProject.ParameterInValidDetails" name="invalidDetail" time="18.516"/>
  <system-out/>
</testsuite> <!-- dataDrivenProject.ParameterInValidDetails -->
