<?xml version="1.0" encoding="UTF-8"?>
<!-- Generated by org.testng.reporters.JUnitReportReporter -->
<testsuite hostname="shakthi" failures="0" tests="2" name="testPract.AllAnotation" time="0.015" errors="0" timestamp="2023-04-26T16:07:39 IST" skipped="0">
  <testcase classname="testPract.AllAnotation" name="test" time="0.009"/>
  <system-out/>
  <testcase classname="testPract.AllAnotation" name="test1" time="0.006"/>
  <system-out/>
</testsuite> <!-- testPract.AllAnotation -->
