<?xml version="1.0" encoding="UTF-8"?>
<!-- Generated by org.testng.reporters.JUnitReportReporter -->
<testsuite hostname="shakthi" failures="0" tests="4" name="dataDrivenProject.LoginOrangeDataPro" time="59.730" errors="0" timestamp="2023-04-27T16:34:16 IST" skipped="0">
  <testcase classname="dataDrivenProject.LoginOrangeDataPro" name="loginDataProvider" time="17.286"/>
  <system-out/>
  <testcase classname="dataDrivenProject.LoginOrangeDataPro" name="loginDataProvider" time="12.298"/>
  <system-out/>
  <testcase classname="dataDrivenProject.LoginOrangeDataPro" name="loginDataProvider" time="16.849"/>
  <system-out/>
  <testcase classname="dataDrivenProject.LoginOrangeDataPro" name="loginDataProvider" time="13.297"/>
  <system-out/>
</testsuite> <!-- dataDrivenProject.LoginOrangeDataPro -->
