<?xml version="1.0" encoding="UTF-8"?>
<!-- Generated by org.testng.reporters.JUnitReportReporter -->
<testsuite hostname="shakthi" failures="0" tests="4" name="testPract.Groupttestcase" time="0.007" errors="0" timestamp="2023-04-25T15:11:31 IST" skipped="0">
  <testcase classname="testPract.Groupttestcase" name="Lenovo2" time="0.000"/>
  <system-out/>
  <testcase classname="testPract.Groupttestcase" name="vivo2" time="0.001"/>
  <system-out/>
  <testcase classname="testPract.Groupttestcase" name="Lenovo1" time="0.006"/>
  <system-out/>
  <testcase classname="testPract.Groupttestcase" name="vivo1" time="0.000"/>
  <system-out/>
</testsuite> <!-- testPract.Groupttestcase -->
