<?xml version="1.0" encoding="UTF-8"?>
<!-- Generated by org.testng.reporters.JUnitReportReporter -->
<testsuite hostname="shakthi" failures="0" tests="1" name="dataDrivenProject.ParameterInVaildUser" time="15.244" errors="0" timestamp="2023-04-27T15:51:06 IST" skipped="0">
  <testcase classname="dataDrivenProject.ParameterInVaildUser" name="invalidPuser" time="15.244"/>
  <system-out/>
</testsuite> <!-- dataDrivenProject.ParameterInVaildUser -->
