<?xml version="1.0" encoding="UTF-8"?>
<!-- Generated by org.testng.reporters.JUnitReportReporter -->
<testsuite hostname="shakthi" failures="0" tests="3" name="testPract.SuiteExample" time="6.478" errors="0" timestamp="2023-04-26T10:39:15 IST" skipped="0">
  <testcase classname="testPract.SuiteExample" name="openBing" time="2.949"/>
  <system-out/>
  <testcase classname="testPract.SuiteExample" name="openYahoo" time="1.639"/>
  <system-out/>
  <testcase classname="testPract.SuiteExample" name="openGoogle" time="1.890"/>
  <system-out/>
</testsuite> <!-- testPract.SuiteExample -->
