<?xml version="1.0" encoding="UTF-8"?>
<!-- Generated by org.testng.reporters.JUnitReportReporter -->
<testsuite hostname="shakthi" failures="0" tests="1" name="dataDrivenProject.InValidUser" time="12.920" errors="0" timestamp="2023-04-27T15:03:47 IST" skipped="0">
  <testcase classname="dataDrivenProject.InValidUser" name="validUser" time="12.920"/>
  <system-out/>
</testsuite> <!-- dataDrivenProject.InValidUser -->
