<?xml version="1.0" encoding="UTF-8"?>
<!-- Generated by org.testng.reporters.JUnitReportReporter -->
<testsuite hostname="shakthi" failures="0" tests="1" name="dataDrivenProject.DataProviderUsingExcel" time="13.994" errors="0" timestamp="2023-04-29T13:17:49 IST" skipped="0">
  <testcase classname="dataDrivenProject.DataProviderUsingExcel" name="excelDataValidation" time="13.994"/>
  <system-out/>
</testsuite> <!-- dataDrivenProject.DataProviderUsingExcel -->
